2024-09-20 15:00:58,111:WARNING:
'cuml' is a soft dependency and not included in the pycaret installation. Please run: `pip install cuml` to install.
2024-09-20 15:00:58,112:WARNING:
'cuml' is a soft dependency and not included in the pycaret installation. Please run: `pip install cuml` to install.
2024-09-20 15:00:58,112:WARNING:
'cuml' is a soft dependency and not included in the pycaret installation. Please run: `pip install cuml` to install.
2024-09-20 15:00:58,112:WARNING:
'cuml' is a soft dependency and not included in the pycaret installation. Please run: `pip install cuml` to install.
2024-09-20 15:01:34,476:WARNING:
'cuml' is a soft dependency and not included in the pycaret installation. Please run: `pip install cuml` to install.
2024-09-20 15:01:34,477:WARNING:
'cuml' is a soft dependency and not included in the pycaret installation. Please run: `pip install cuml` to install.
2024-09-20 15:01:34,477:WARNING:
'cuml' is a soft dependency and not included in the pycaret installation. Please run: `pip install cuml` to install.
2024-09-20 15:01:34,478:WARNING:
'cuml' is a soft dependency and not included in the pycaret installation. Please run: `pip install cuml` to install.
2024-09-20 15:02:17,714:WARNING:
'cuml' is a soft dependency and not included in the pycaret installation. Please run: `pip install cuml` to install.
2024-09-20 15:02:17,715:WARNING:
'cuml' is a soft dependency and not included in the pycaret installation. Please run: `pip install cuml` to install.
2024-09-20 15:02:17,715:WARNING:
'cuml' is a soft dependency and not included in the pycaret installation. Please run: `pip install cuml` to install.
2024-09-20 15:02:17,715:WARNING:
'cuml' is a soft dependency and not included in the pycaret installation. Please run: `pip install cuml` to install.
2024-09-20 15:03:45,664:WARNING:
'cuml' is a soft dependency and not included in the pycaret installation. Please run: `pip install cuml` to install.
2024-09-20 15:03:45,665:WARNING:
'cuml' is a soft dependency and not included in the pycaret installation. Please run: `pip install cuml` to install.
2024-09-20 15:03:45,665:WARNING:
'cuml' is a soft dependency and not included in the pycaret installation. Please run: `pip install cuml` to install.
2024-09-20 15:03:45,665:WARNING:
'cuml' is a soft dependency and not included in the pycaret installation. Please run: `pip install cuml` to install.
2024-09-20 15:04:16,520:WARNING:
'cuml' is a soft dependency and not included in the pycaret installation. Please run: `pip install cuml` to install.
2024-09-20 15:04:16,521:WARNING:
'cuml' is a soft dependency and not included in the pycaret installation. Please run: `pip install cuml` to install.
2024-09-20 15:04:16,521:WARNING:
'cuml' is a soft dependency and not included in the pycaret installation. Please run: `pip install cuml` to install.
2024-09-20 15:04:16,521:WARNING:
'cuml' is a soft dependency and not included in the pycaret installation. Please run: `pip install cuml` to install.
2024-09-20 15:05:04,256:INFO:Initializing predict_model()
2024-09-20 15:05:04,256:INFO:predict_model(self=<pycaret.regression.oop.RegressionExperiment object at 0x0000024692A205E0>, estimator=Pipeline(memory=Memory(location=None),
         steps=[('numerical_imputer',
                 TransformerWrapper(include=['Avg. Session Length',
                                             'Time on App', 'Time on Website',
                                             'Length of Membership'],
                                    transformer=SimpleImputer())),
                ('categorical_imputer',
                 TransformerWrapper(include=['dominio', 'Tec'],
                                    transformer=SimpleImputer(strategy='most_frequent'))),
                ('onehot_encoding',
                 TransformerWrapper(include=['dominio', 'Tec'],
                                    transformer=OneHotEncoder(cols=['dominio',
                                                                    'Tec'],
                                                              handle_missing='return_nan',
                                                              use_cat_names=True))),
                ('clean_column_names',
                 TransformerWrapper(transformer=CleanColumnNames())),
                ('actual_estimator', Ridge(random_state=123))]), probability_threshold=None, encoded_labels=False, raw_score=False, round=4, verbose=True, ml_usecase=None, preprocess=True, encode_labels=<function _SupervisedExperiment.predict_model.<locals>.encode_labels at 0x00000246EE1FFA30>)
2024-09-20 15:05:04,257:INFO:Checking exceptions
2024-09-20 15:05:04,258:INFO:Preloading libraries
2024-09-20 15:05:04,258:INFO:Set up data.
2024-09-20 15:05:04,267:INFO:Set up index.
2024-09-20 15:05:56,120:WARNING:
'cuml' is a soft dependency and not included in the pycaret installation. Please run: `pip install cuml` to install.
2024-09-20 15:05:56,120:WARNING:
'cuml' is a soft dependency and not included in the pycaret installation. Please run: `pip install cuml` to install.
2024-09-20 15:05:56,121:WARNING:
'cuml' is a soft dependency and not included in the pycaret installation. Please run: `pip install cuml` to install.
2024-09-20 15:05:56,121:WARNING:
'cuml' is a soft dependency and not included in the pycaret installation. Please run: `pip install cuml` to install.
2024-09-20 15:06:28,283:WARNING:
'cuml' is a soft dependency and not included in the pycaret installation. Please run: `pip install cuml` to install.
2024-09-20 15:06:28,284:WARNING:
'cuml' is a soft dependency and not included in the pycaret installation. Please run: `pip install cuml` to install.
2024-09-20 15:06:28,284:WARNING:
'cuml' is a soft dependency and not included in the pycaret installation. Please run: `pip install cuml` to install.
2024-09-20 15:06:28,284:WARNING:
'cuml' is a soft dependency and not included in the pycaret installation. Please run: `pip install cuml` to install.
2024-09-20 15:07:58,436:WARNING:
'cuml' is a soft dependency and not included in the pycaret installation. Please run: `pip install cuml` to install.
2024-09-20 15:07:58,436:WARNING:
'cuml' is a soft dependency and not included in the pycaret installation. Please run: `pip install cuml` to install.
2024-09-20 15:07:58,437:WARNING:
'cuml' is a soft dependency and not included in the pycaret installation. Please run: `pip install cuml` to install.
2024-09-20 15:07:58,437:WARNING:
'cuml' is a soft dependency and not included in the pycaret installation. Please run: `pip install cuml` to install.
2024-09-20 15:08:26,132:WARNING:
'cuml' is a soft dependency and not included in the pycaret installation. Please run: `pip install cuml` to install.
2024-09-20 15:08:26,133:WARNING:
'cuml' is a soft dependency and not included in the pycaret installation. Please run: `pip install cuml` to install.
2024-09-20 15:08:26,133:WARNING:
'cuml' is a soft dependency and not included in the pycaret installation. Please run: `pip install cuml` to install.
2024-09-20 15:08:26,133:WARNING:
'cuml' is a soft dependency and not included in the pycaret installation. Please run: `pip install cuml` to install.
2024-09-20 15:11:50,758:WARNING:
'cuml' is a soft dependency and not included in the pycaret installation. Please run: `pip install cuml` to install.
2024-09-20 15:11:50,758:WARNING:
'cuml' is a soft dependency and not included in the pycaret installation. Please run: `pip install cuml` to install.
2024-09-20 15:11:50,758:WARNING:
'cuml' is a soft dependency and not included in the pycaret installation. Please run: `pip install cuml` to install.
2024-09-20 15:11:50,758:WARNING:
'cuml' is a soft dependency and not included in the pycaret installation. Please run: `pip install cuml` to install.
2024-09-20 15:12:20,904:WARNING:
'cuml' is a soft dependency and not included in the pycaret installation. Please run: `pip install cuml` to install.
2024-09-20 15:12:20,905:WARNING:
'cuml' is a soft dependency and not included in the pycaret installation. Please run: `pip install cuml` to install.
2024-09-20 15:12:20,905:WARNING:
'cuml' is a soft dependency and not included in the pycaret installation. Please run: `pip install cuml` to install.
2024-09-20 15:12:21,240:WARNING:
'cuml' is a soft dependency and not included in the pycaret installation. Please run: `pip install cuml` to install.
2024-09-20 15:15:06,726:WARNING:
'cuml' is a soft dependency and not included in the pycaret installation. Please run: `pip install cuml` to install.
2024-09-20 15:15:06,726:WARNING:
'cuml' is a soft dependency and not included in the pycaret installation. Please run: `pip install cuml` to install.
2024-09-20 15:15:06,726:WARNING:
'cuml' is a soft dependency and not included in the pycaret installation. Please run: `pip install cuml` to install.
2024-09-20 15:15:06,727:WARNING:
'cuml' is a soft dependency and not included in the pycaret installation. Please run: `pip install cuml` to install.
2024-09-20 15:15:33,321:WARNING:
'cuml' is a soft dependency and not included in the pycaret installation. Please run: `pip install cuml` to install.
2024-09-20 15:15:33,322:WARNING:
'cuml' is a soft dependency and not included in the pycaret installation. Please run: `pip install cuml` to install.
2024-09-20 15:15:33,323:WARNING:
'cuml' is a soft dependency and not included in the pycaret installation. Please run: `pip install cuml` to install.
2024-09-20 15:15:33,323:WARNING:
'cuml' is a soft dependency and not included in the pycaret installation. Please run: `pip install cuml` to install.
2024-09-20 15:17:13,890:WARNING:
'cuml' is a soft dependency and not included in the pycaret installation. Please run: `pip install cuml` to install.
2024-09-20 15:17:13,890:WARNING:
'cuml' is a soft dependency and not included in the pycaret installation. Please run: `pip install cuml` to install.
2024-09-20 15:17:13,891:WARNING:
'cuml' is a soft dependency and not included in the pycaret installation. Please run: `pip install cuml` to install.
2024-09-20 15:17:13,891:WARNING:
'cuml' is a soft dependency and not included in the pycaret installation. Please run: `pip install cuml` to install.
2024-09-20 15:17:45,096:WARNING:
'cuml' is a soft dependency and not included in the pycaret installation. Please run: `pip install cuml` to install.
2024-09-20 15:17:45,096:WARNING:
'cuml' is a soft dependency and not included in the pycaret installation. Please run: `pip install cuml` to install.
2024-09-20 15:17:45,096:WARNING:
'cuml' is a soft dependency and not included in the pycaret installation. Please run: `pip install cuml` to install.
2024-09-20 15:17:45,097:WARNING:
'cuml' is a soft dependency and not included in the pycaret installation. Please run: `pip install cuml` to install.
2024-09-20 15:19:18,817:WARNING:
'cuml' is a soft dependency and not included in the pycaret installation. Please run: `pip install cuml` to install.
2024-09-20 15:19:18,818:WARNING:
'cuml' is a soft dependency and not included in the pycaret installation. Please run: `pip install cuml` to install.
2024-09-20 15:19:18,818:WARNING:
'cuml' is a soft dependency and not included in the pycaret installation. Please run: `pip install cuml` to install.
2024-09-20 15:19:18,818:WARNING:
'cuml' is a soft dependency and not included in the pycaret installation. Please run: `pip install cuml` to install.
2024-09-20 15:19:44,125:WARNING:
'cuml' is a soft dependency and not included in the pycaret installation. Please run: `pip install cuml` to install.
2024-09-20 15:19:44,126:WARNING:
'cuml' is a soft dependency and not included in the pycaret installation. Please run: `pip install cuml` to install.
2024-09-20 15:19:44,126:WARNING:
'cuml' is a soft dependency and not included in the pycaret installation. Please run: `pip install cuml` to install.
2024-09-20 15:19:44,126:WARNING:
'cuml' is a soft dependency and not included in the pycaret installation. Please run: `pip install cuml` to install.
2024-09-20 15:20:53,410:WARNING:
'cuml' is a soft dependency and not included in the pycaret installation. Please run: `pip install cuml` to install.
2024-09-20 15:20:53,410:WARNING:
'cuml' is a soft dependency and not included in the pycaret installation. Please run: `pip install cuml` to install.
2024-09-20 15:20:53,412:WARNING:
'cuml' is a soft dependency and not included in the pycaret installation. Please run: `pip install cuml` to install.
2024-09-20 15:20:53,412:WARNING:
'cuml' is a soft dependency and not included in the pycaret installation. Please run: `pip install cuml` to install.
2024-09-20 15:21:20,439:WARNING:
'cuml' is a soft dependency and not included in the pycaret installation. Please run: `pip install cuml` to install.
2024-09-20 15:21:20,440:WARNING:
'cuml' is a soft dependency and not included in the pycaret installation. Please run: `pip install cuml` to install.
2024-09-20 15:21:20,440:WARNING:
'cuml' is a soft dependency and not included in the pycaret installation. Please run: `pip install cuml` to install.
2024-09-20 15:21:20,440:WARNING:
'cuml' is a soft dependency and not included in the pycaret installation. Please run: `pip install cuml` to install.
2024-09-20 15:21:43,213:INFO:Initializing predict_model()
2024-09-20 15:21:43,213:INFO:predict_model(self=<pycaret.regression.oop.RegressionExperiment object at 0x00000185CC21D0F0>, estimator=Pipeline(memory=Memory(location=None),
         steps=[('numerical_imputer',
                 TransformerWrapper(include=['Avg. Session Length',
                                             'Time on App', 'Time on Website',
                                             'Length of Membership'],
                                    transformer=SimpleImputer())),
                ('categorical_imputer',
                 TransformerWrapper(include=['dominio', 'Tec'],
                                    transformer=SimpleImputer(strategy='most_frequent'))),
                ('onehot_encoding',
                 TransformerWrapper(include=['dominio', 'Tec'],
                                    transformer=OneHotEncoder(cols=['dominio',
                                                                    'Tec'],
                                                              handle_missing='return_nan',
                                                              use_cat_names=True))),
                ('clean_column_names',
                 TransformerWrapper(transformer=CleanColumnNames())),
                ('actual_estimator', Ridge(random_state=123))]), probability_threshold=None, encoded_labels=False, raw_score=False, round=4, verbose=True, ml_usecase=None, preprocess=True, encode_labels=<function _SupervisedExperiment.predict_model.<locals>.encode_labels at 0x00000185CC3C7F40>)
2024-09-20 15:21:43,214:INFO:Checking exceptions
2024-09-20 15:21:43,214:INFO:Preloading libraries
2024-09-20 15:21:43,215:INFO:Set up data.
2024-09-20 15:21:43,229:INFO:Set up index.
2024-09-20 15:23:08,614:WARNING:
'cuml' is a soft dependency and not included in the pycaret installation. Please run: `pip install cuml` to install.
2024-09-20 15:23:08,615:WARNING:
'cuml' is a soft dependency and not included in the pycaret installation. Please run: `pip install cuml` to install.
2024-09-20 15:23:08,615:WARNING:
'cuml' is a soft dependency and not included in the pycaret installation. Please run: `pip install cuml` to install.
2024-09-20 15:23:08,615:WARNING:
'cuml' is a soft dependency and not included in the pycaret installation. Please run: `pip install cuml` to install.
2024-09-20 15:23:31,352:WARNING:
'cuml' is a soft dependency and not included in the pycaret installation. Please run: `pip install cuml` to install.
2024-09-20 15:23:31,353:WARNING:
'cuml' is a soft dependency and not included in the pycaret installation. Please run: `pip install cuml` to install.
2024-09-20 15:23:31,353:WARNING:
'cuml' is a soft dependency and not included in the pycaret installation. Please run: `pip install cuml` to install.
2024-09-20 15:23:31,353:WARNING:
'cuml' is a soft dependency and not included in the pycaret installation. Please run: `pip install cuml` to install.
2024-09-20 15:24:00,841:WARNING:
'cuml' is a soft dependency and not included in the pycaret installation. Please run: `pip install cuml` to install.
2024-09-20 15:24:00,942:WARNING:
'cuml' is a soft dependency and not included in the pycaret installation. Please run: `pip install cuml` to install.
2024-09-20 15:24:00,943:WARNING:
'cuml' is a soft dependency and not included in the pycaret installation. Please run: `pip install cuml` to install.
2024-09-20 15:24:00,943:WARNING:
'cuml' is a soft dependency and not included in the pycaret installation. Please run: `pip install cuml` to install.
2024-09-20 15:24:28,270:WARNING:
'cuml' is a soft dependency and not included in the pycaret installation. Please run: `pip install cuml` to install.
2024-09-20 15:24:28,271:WARNING:
'cuml' is a soft dependency and not included in the pycaret installation. Please run: `pip install cuml` to install.
2024-09-20 15:24:28,271:WARNING:
'cuml' is a soft dependency and not included in the pycaret installation. Please run: `pip install cuml` to install.
2024-09-20 15:24:28,271:WARNING:
'cuml' is a soft dependency and not included in the pycaret installation. Please run: `pip install cuml` to install.
2024-09-20 15:24:42,675:INFO:Initializing predict_model()
2024-09-20 15:24:42,676:INFO:predict_model(self=<pycaret.regression.oop.RegressionExperiment object at 0x0000023A499D4160>, estimator=Pipeline(memory=Memory(location=None),
         steps=[('numerical_imputer',
                 TransformerWrapper(include=['Avg. Session Length',
                                             'Time on App', 'Time on Website',
                                             'Length of Membership'],
                                    transformer=SimpleImputer())),
                ('categorical_imputer',
                 TransformerWrapper(include=['dominio', 'Tec'],
                                    transformer=SimpleImputer(strategy='most_frequent'))),
                ('onehot_encoding',
                 TransformerWrapper(include=['dominio', 'Tec'],
                                    transformer=OneHotEncoder(cols=['dominio',
                                                                    'Tec'],
                                                              handle_missing='return_nan',
                                                              use_cat_names=True))),
                ('clean_column_names',
                 TransformerWrapper(transformer=CleanColumnNames())),
                ('actual_estimator', Ridge(random_state=123))]), probability_threshold=None, encoded_labels=False, raw_score=False, round=4, verbose=True, ml_usecase=None, preprocess=True, encode_labels=<function _SupervisedExperiment.predict_model.<locals>.encode_labels at 0x0000023A499844C0>)
2024-09-20 15:24:42,676:INFO:Checking exceptions
2024-09-20 15:24:42,676:INFO:Preloading libraries
2024-09-20 15:24:42,677:INFO:Set up data.
2024-09-20 15:24:42,687:INFO:Set up index.
2024-09-20 15:26:09,331:WARNING:
'cuml' is a soft dependency and not included in the pycaret installation. Please run: `pip install cuml` to install.
2024-09-20 15:26:09,332:WARNING:
'cuml' is a soft dependency and not included in the pycaret installation. Please run: `pip install cuml` to install.
2024-09-20 15:26:09,332:WARNING:
'cuml' is a soft dependency and not included in the pycaret installation. Please run: `pip install cuml` to install.
2024-09-20 15:26:09,332:WARNING:
'cuml' is a soft dependency and not included in the pycaret installation. Please run: `pip install cuml` to install.
2024-09-20 15:26:36,441:WARNING:
'cuml' is a soft dependency and not included in the pycaret installation. Please run: `pip install cuml` to install.
2024-09-20 15:26:36,442:WARNING:
'cuml' is a soft dependency and not included in the pycaret installation. Please run: `pip install cuml` to install.
2024-09-20 15:26:36,442:WARNING:
'cuml' is a soft dependency and not included in the pycaret installation. Please run: `pip install cuml` to install.
2024-09-20 15:26:36,442:WARNING:
'cuml' is a soft dependency and not included in the pycaret installation. Please run: `pip install cuml` to install.
2024-09-20 15:26:49,368:INFO:Initializing predict_model()
2024-09-20 15:26:49,369:INFO:predict_model(self=<pycaret.regression.oop.RegressionExperiment object at 0x000001F4A481F2E0>, estimator=Pipeline(memory=Memory(location=None),
         steps=[('numerical_imputer',
                 TransformerWrapper(include=['Avg. Session Length',
                                             'Time on App', 'Time on Website',
                                             'Length of Membership'],
                                    transformer=SimpleImputer())),
                ('categorical_imputer',
                 TransformerWrapper(include=['dominio', 'Tec'],
                                    transformer=SimpleImputer(strategy='most_frequent'))),
                ('onehot_encoding',
                 TransformerWrapper(include=['dominio', 'Tec'],
                                    transformer=OneHotEncoder(cols=['dominio',
                                                                    'Tec'],
                                                              handle_missing='return_nan',
                                                              use_cat_names=True))),
                ('clean_column_names',
                 TransformerWrapper(transformer=CleanColumnNames())),
                ('actual_estimator', Ridge(random_state=123))]), probability_threshold=None, encoded_labels=False, raw_score=False, round=4, verbose=True, ml_usecase=None, preprocess=True, encode_labels=<function _SupervisedExperiment.predict_model.<locals>.encode_labels at 0x000001F4A49E9630>)
2024-09-20 15:26:49,369:INFO:Checking exceptions
2024-09-20 15:26:49,369:INFO:Preloading libraries
2024-09-20 15:26:49,370:INFO:Set up data.
2024-09-20 15:26:49,378:INFO:Set up index.
2024-09-20 15:27:04,611:INFO:Initializing predict_model()
2024-09-20 15:27:04,612:INFO:predict_model(self=<pycaret.regression.oop.RegressionExperiment object at 0x000001F4A4A11270>, estimator=Pipeline(memory=Memory(location=None),
         steps=[('numerical_imputer',
                 TransformerWrapper(include=['Avg. Session Length',
                                             'Time on App', 'Time on Website',
                                             'Length of Membership'],
                                    transformer=SimpleImputer())),
                ('categorical_imputer',
                 TransformerWrapper(include=['dominio', 'Tec'],
                                    transformer=SimpleImputer(strategy='most_frequent'))),
                ('onehot_encoding',
                 TransformerWrapper(include=['dominio', 'Tec'],
                                    transformer=OneHotEncoder(cols=['dominio',
                                                                    'Tec'],
                                                              handle_missing='return_nan',
                                                              use_cat_names=True))),
                ('clean_column_names',
                 TransformerWrapper(transformer=CleanColumnNames())),
                ('actual_estimator', Ridge(random_state=123))]), probability_threshold=None, encoded_labels=False, raw_score=False, round=4, verbose=True, ml_usecase=None, preprocess=True, encode_labels=<function _SupervisedExperiment.predict_model.<locals>.encode_labels at 0x000001F4FF6240D0>)
2024-09-20 15:27:04,612:INFO:Checking exceptions
2024-09-20 15:27:04,613:INFO:Preloading libraries
2024-09-20 15:27:04,614:INFO:Set up data.
2024-09-20 15:27:04,622:INFO:Set up index.
2024-09-20 15:28:06,211:WARNING:
'cuml' is a soft dependency and not included in the pycaret installation. Please run: `pip install cuml` to install.
2024-09-20 15:28:06,211:WARNING:
'cuml' is a soft dependency and not included in the pycaret installation. Please run: `pip install cuml` to install.
2024-09-20 15:28:06,211:WARNING:
'cuml' is a soft dependency and not included in the pycaret installation. Please run: `pip install cuml` to install.
2024-09-20 15:28:06,213:WARNING:
'cuml' is a soft dependency and not included in the pycaret installation. Please run: `pip install cuml` to install.
2024-09-20 15:28:32,152:WARNING:
'cuml' is a soft dependency and not included in the pycaret installation. Please run: `pip install cuml` to install.
2024-09-20 15:28:32,153:WARNING:
'cuml' is a soft dependency and not included in the pycaret installation. Please run: `pip install cuml` to install.
2024-09-20 15:28:32,153:WARNING:
'cuml' is a soft dependency and not included in the pycaret installation. Please run: `pip install cuml` to install.
2024-09-20 15:28:32,153:WARNING:
'cuml' is a soft dependency and not included in the pycaret installation. Please run: `pip install cuml` to install.
2024-09-20 15:28:42,604:INFO:Initializing predict_model()
2024-09-20 15:28:42,605:INFO:predict_model(self=<pycaret.regression.oop.RegressionExperiment object at 0x000001D2EF72B940>, estimator=Pipeline(memory=Memory(location=None),
         steps=[('numerical_imputer',
                 TransformerWrapper(include=['Avg. Session Length',
                                             'Time on App', 'Time on Website',
                                             'Length of Membership'],
                                    transformer=SimpleImputer())),
                ('categorical_imputer',
                 TransformerWrapper(include=['dominio', 'Tec'],
                                    transformer=SimpleImputer(strategy='most_frequent'))),
                ('onehot_encoding',
                 TransformerWrapper(include=['dominio', 'Tec'],
                                    transformer=OneHotEncoder(cols=['dominio',
                                                                    'Tec'],
                                                              handle_missing='return_nan',
                                                              use_cat_names=True))),
                ('clean_column_names',
                 TransformerWrapper(transformer=CleanColumnNames())),
                ('actual_estimator', Ridge(random_state=123))]), probability_threshold=None, encoded_labels=False, raw_score=False, round=4, verbose=True, ml_usecase=None, preprocess=True, encode_labels=<function _SupervisedExperiment.predict_model.<locals>.encode_labels at 0x000001D2EF8D0D30>)
2024-09-20 15:28:42,605:INFO:Checking exceptions
2024-09-20 15:28:42,605:INFO:Preloading libraries
2024-09-20 15:28:42,606:INFO:Set up data.
2024-09-20 15:28:42,618:INFO:Set up index.
2024-09-20 15:28:57,231:INFO:Initializing predict_model()
2024-09-20 15:28:57,231:INFO:predict_model(self=<pycaret.regression.oop.RegressionExperiment object at 0x000001D2CAFCF910>, estimator=Pipeline(memory=Memory(location=None),
         steps=[('numerical_imputer',
                 TransformerWrapper(include=['Avg. Session Length',
                                             'Time on App', 'Time on Website',
                                             'Length of Membership'],
                                    transformer=SimpleImputer())),
                ('categorical_imputer',
                 TransformerWrapper(include=['dominio', 'Tec'],
                                    transformer=SimpleImputer(strategy='most_frequent'))),
                ('onehot_encoding',
                 TransformerWrapper(include=['dominio', 'Tec'],
                                    transformer=OneHotEncoder(cols=['dominio',
                                                                    'Tec'],
                                                              handle_missing='return_nan',
                                                              use_cat_names=True))),
                ('clean_column_names',
                 TransformerWrapper(transformer=CleanColumnNames())),
                ('actual_estimator', Ridge(random_state=123))]), probability_threshold=None, encoded_labels=False, raw_score=False, round=4, verbose=True, ml_usecase=None, preprocess=True, encode_labels=<function _SupervisedExperiment.predict_model.<locals>.encode_labels at 0x000001D2EF8D0D30>)
2024-09-20 15:28:57,233:INFO:Checking exceptions
2024-09-20 15:28:57,233:INFO:Preloading libraries
2024-09-20 15:28:57,233:INFO:Set up data.
2024-09-20 15:28:57,242:INFO:Set up index.
2024-09-22 17:24:11,768:WARNING:
'cuml' is a soft dependency and not included in the pycaret installation. Please run: `pip install cuml` to install.
2024-09-22 17:24:12,081:WARNING:
'cuml' is a soft dependency and not included in the pycaret installation. Please run: `pip install cuml` to install.
2024-09-22 17:24:12,081:WARNING:
'cuml' is a soft dependency and not included in the pycaret installation. Please run: `pip install cuml` to install.
2024-09-22 17:24:12,081:WARNING:
'cuml' is a soft dependency and not included in the pycaret installation. Please run: `pip install cuml` to install.
2024-09-22 17:24:43,878:WARNING:
'cuml' is a soft dependency and not included in the pycaret installation. Please run: `pip install cuml` to install.
2024-09-22 17:24:43,879:WARNING:
'cuml' is a soft dependency and not included in the pycaret installation. Please run: `pip install cuml` to install.
2024-09-22 17:24:43,880:WARNING:
'cuml' is a soft dependency and not included in the pycaret installation. Please run: `pip install cuml` to install.
2024-09-22 17:24:43,880:WARNING:
'cuml' is a soft dependency and not included in the pycaret installation. Please run: `pip install cuml` to install.
2024-09-22 17:25:06,198:INFO:Initializing predict_model()
2024-09-22 17:25:06,199:INFO:predict_model(self=<pycaret.regression.oop.RegressionExperiment object at 0x0000020E2071E050>, estimator=Pipeline(memory=Memory(location=None),
         steps=[('numerical_imputer',
                 TransformerWrapper(include=['Avg. Session Length',
                                             'Time on App', 'Time on Website',
                                             'Length of Membership'],
                                    transformer=SimpleImputer())),
                ('categorical_imputer',
                 TransformerWrapper(include=['dominio', 'Tec'],
                                    transformer=SimpleImputer(strategy='most_frequent'))),
                ('onehot_encoding',
                 TransformerWrapper(include=['dominio', 'Tec'],
                                    transformer=OneHotEncoder(cols=['dominio',
                                                                    'Tec'],
                                                              handle_missing='return_nan',
                                                              use_cat_names=True))),
                ('clean_column_names',
                 TransformerWrapper(transformer=CleanColumnNames())),
                ('actual_estimator', Ridge(random_state=123))]), probability_threshold=None, encoded_labels=False, raw_score=False, round=4, verbose=True, ml_usecase=None, preprocess=True, encode_labels=<function _SupervisedExperiment.predict_model.<locals>.encode_labels at 0x0000020E2066C700>)
2024-09-22 17:25:06,199:INFO:Checking exceptions
2024-09-22 17:25:06,199:INFO:Preloading libraries
2024-09-22 17:25:06,201:INFO:Set up data.
2024-09-22 17:25:06,214:INFO:Set up index.
2024-09-22 17:27:06,303:WARNING:
'cuml' is a soft dependency and not included in the pycaret installation. Please run: `pip install cuml` to install.
2024-09-22 17:27:06,303:WARNING:
'cuml' is a soft dependency and not included in the pycaret installation. Please run: `pip install cuml` to install.
2024-09-22 17:27:06,304:WARNING:
'cuml' is a soft dependency and not included in the pycaret installation. Please run: `pip install cuml` to install.
2024-09-22 17:27:06,304:WARNING:
'cuml' is a soft dependency and not included in the pycaret installation. Please run: `pip install cuml` to install.
2024-09-22 17:27:37,679:WARNING:
'cuml' is a soft dependency and not included in the pycaret installation. Please run: `pip install cuml` to install.
2024-09-22 17:27:37,680:WARNING:
'cuml' is a soft dependency and not included in the pycaret installation. Please run: `pip install cuml` to install.
2024-09-22 17:27:37,790:WARNING:
'cuml' is a soft dependency and not included in the pycaret installation. Please run: `pip install cuml` to install.
2024-09-22 17:27:37,790:WARNING:
'cuml' is a soft dependency and not included in the pycaret installation. Please run: `pip install cuml` to install.
2024-09-22 17:27:54,774:INFO:Initializing predict_model()
2024-09-22 17:27:54,775:INFO:predict_model(self=<pycaret.regression.oop.RegressionExperiment object at 0x000001F54E9EC310>, estimator=Pipeline(memory=Memory(location=None),
         steps=[('numerical_imputer',
                 TransformerWrapper(include=['Avg. Session Length',
                                             'Time on App', 'Time on Website',
                                             'Length of Membership'],
                                    transformer=SimpleImputer())),
                ('categorical_imputer',
                 TransformerWrapper(include=['dominio', 'Tec'],
                                    transformer=SimpleImputer(strategy='most_frequent'))),
                ('onehot_encoding',
                 TransformerWrapper(include=['dominio', 'Tec'],
                                    transformer=OneHotEncoder(cols=['dominio',
                                                                    'Tec'],
                                                              handle_missing='return_nan',
                                                              use_cat_names=True))),
                ('clean_column_names',
                 TransformerWrapper(transformer=CleanColumnNames())),
                ('actual_estimator', Ridge(random_state=123))]), probability_threshold=None, encoded_labels=False, raw_score=False, round=4, verbose=True, ml_usecase=None, preprocess=True, encode_labels=<function _SupervisedExperiment.predict_model.<locals>.encode_labels at 0x000001F54E9405E0>)
2024-09-22 17:27:54,776:INFO:Checking exceptions
2024-09-22 17:27:54,777:INFO:Preloading libraries
2024-09-22 17:27:54,778:INFO:Set up data.
2024-09-22 17:27:54,794:INFO:Set up index.
2024-09-22 17:29:42,566:WARNING:
'cuml' is a soft dependency and not included in the pycaret installation. Please run: `pip install cuml` to install.
2024-09-22 17:29:42,566:WARNING:
'cuml' is a soft dependency and not included in the pycaret installation. Please run: `pip install cuml` to install.
2024-09-22 17:29:42,567:WARNING:
'cuml' is a soft dependency and not included in the pycaret installation. Please run: `pip install cuml` to install.
2024-09-22 17:29:42,567:WARNING:
'cuml' is a soft dependency and not included in the pycaret installation. Please run: `pip install cuml` to install.
2024-09-22 17:30:13,152:WARNING:
'cuml' is a soft dependency and not included in the pycaret installation. Please run: `pip install cuml` to install.
2024-09-22 17:30:13,153:WARNING:
'cuml' is a soft dependency and not included in the pycaret installation. Please run: `pip install cuml` to install.
2024-09-22 17:30:13,153:WARNING:
'cuml' is a soft dependency and not included in the pycaret installation. Please run: `pip install cuml` to install.
2024-09-22 17:30:13,153:WARNING:
'cuml' is a soft dependency and not included in the pycaret installation. Please run: `pip install cuml` to install.
2024-09-22 17:35:20,518:WARNING:
'cuml' is a soft dependency and not included in the pycaret installation. Please run: `pip install cuml` to install.
2024-09-22 17:35:20,519:WARNING:
'cuml' is a soft dependency and not included in the pycaret installation. Please run: `pip install cuml` to install.
2024-09-22 17:35:20,519:WARNING:
'cuml' is a soft dependency and not included in the pycaret installation. Please run: `pip install cuml` to install.
2024-09-22 17:35:20,519:WARNING:
'cuml' is a soft dependency and not included in the pycaret installation. Please run: `pip install cuml` to install.
2024-09-22 17:36:07,309:WARNING:
'cuml' is a soft dependency and not included in the pycaret installation. Please run: `pip install cuml` to install.
2024-09-22 17:36:07,310:WARNING:
'cuml' is a soft dependency and not included in the pycaret installation. Please run: `pip install cuml` to install.
2024-09-22 17:36:07,310:WARNING:
'cuml' is a soft dependency and not included in the pycaret installation. Please run: `pip install cuml` to install.
2024-09-22 17:36:07,310:WARNING:
'cuml' is a soft dependency and not included in the pycaret installation. Please run: `pip install cuml` to install.
2024-09-22 17:36:20,296:INFO:Initializing predict_model()
2024-09-22 17:36:20,297:INFO:predict_model(self=<pycaret.regression.oop.RegressionExperiment object at 0x00000248E3919960>, estimator=Pipeline(memory=Memory(location=None),
         steps=[('numerical_imputer',
                 TransformerWrapper(include=['Avg. Session Length',
                                             'Time on App', 'Time on Website',
                                             'Length of Membership'],
                                    transformer=SimpleImputer())),
                ('categorical_imputer',
                 TransformerWrapper(include=['dominio', 'Tec'],
                                    transformer=SimpleImputer(strategy='most_frequent'))),
                ('onehot_encoding',
                 TransformerWrapper(include=['dominio', 'Tec'],
                                    transformer=OneHotEncoder(cols=['dominio',
                                                                    'Tec'],
                                                              handle_missing='return_nan',
                                                              use_cat_names=True))),
                ('clean_column_names',
                 TransformerWrapper(transformer=CleanColumnNames())),
                ('actual_estimator', Ridge(random_state=123))]), probability_threshold=None, encoded_labels=False, raw_score=False, round=4, verbose=True, ml_usecase=None, preprocess=True, encode_labels=<function _SupervisedExperiment.predict_model.<locals>.encode_labels at 0x00000248E3AC4B80>)
2024-09-22 17:36:20,297:INFO:Checking exceptions
2024-09-22 17:36:20,298:INFO:Preloading libraries
2024-09-22 17:36:20,299:INFO:Set up data.
2024-09-22 17:36:20,310:INFO:Set up index.
2024-09-22 17:39:53,378:WARNING:
'cuml' is a soft dependency and not included in the pycaret installation. Please run: `pip install cuml` to install.
2024-09-22 17:39:53,379:WARNING:
'cuml' is a soft dependency and not included in the pycaret installation. Please run: `pip install cuml` to install.
2024-09-22 17:39:53,379:WARNING:
'cuml' is a soft dependency and not included in the pycaret installation. Please run: `pip install cuml` to install.
2024-09-22 17:39:53,379:WARNING:
'cuml' is a soft dependency and not included in the pycaret installation. Please run: `pip install cuml` to install.
2024-09-22 17:40:25,511:WARNING:
'cuml' is a soft dependency and not included in the pycaret installation. Please run: `pip install cuml` to install.
2024-09-22 17:40:25,511:WARNING:
'cuml' is a soft dependency and not included in the pycaret installation. Please run: `pip install cuml` to install.
2024-09-22 17:40:25,512:WARNING:
'cuml' is a soft dependency and not included in the pycaret installation. Please run: `pip install cuml` to install.
2024-09-22 17:40:25,512:WARNING:
'cuml' is a soft dependency and not included in the pycaret installation. Please run: `pip install cuml` to install.
2024-09-22 17:40:38,221:INFO:Initializing predict_model()
2024-09-22 17:40:38,221:INFO:predict_model(self=<pycaret.regression.oop.RegressionExperiment object at 0x000002A51A2BC700>, estimator=Pipeline(memory=Memory(location=None),
         steps=[('numerical_imputer',
                 TransformerWrapper(include=['Avg. Session Length',
                                             'Time on App', 'Time on Website',
                                             'Length of Membership'],
                                    transformer=SimpleImputer())),
                ('categorical_imputer',
                 TransformerWrapper(include=['dominio', 'Tec'],
                                    transformer=SimpleImputer(strategy='most_frequent'))),
                ('onehot_encoding',
                 TransformerWrapper(include=['dominio', 'Tec'],
                                    transformer=OneHotEncoder(cols=['dominio',
                                                                    'Tec'],
                                                              handle_missing='return_nan',
                                                              use_cat_names=True))),
                ('clean_column_names',
                 TransformerWrapper(transformer=CleanColumnNames())),
                ('actual_estimator', Ridge(random_state=123))]), probability_threshold=None, encoded_labels=False, raw_score=False, round=4, verbose=True, ml_usecase=None, preprocess=True, encode_labels=<function _SupervisedExperiment.predict_model.<locals>.encode_labels at 0x000002A51A231360>)
2024-09-22 17:40:38,222:INFO:Checking exceptions
2024-09-22 17:40:38,222:INFO:Preloading libraries
2024-09-22 17:40:38,226:INFO:Set up data.
2024-09-22 17:40:38,237:INFO:Set up index.
2024-09-22 17:40:46,576:INFO:Initializing predict_model()
2024-09-22 17:40:46,576:INFO:predict_model(self=<pycaret.regression.oop.RegressionExperiment object at 0x000002A51A2BE620>, estimator=Pipeline(memory=Memory(location=None),
         steps=[('numerical_imputer',
                 TransformerWrapper(include=['Avg. Session Length',
                                             'Time on App', 'Time on Website',
                                             'Length of Membership'],
                                    transformer=SimpleImputer())),
                ('categorical_imputer',
                 TransformerWrapper(include=['dominio', 'Tec'],
                                    transformer=SimpleImputer(strategy='most_frequent'))),
                ('onehot_encoding',
                 TransformerWrapper(include=['dominio', 'Tec'],
                                    transformer=OneHotEncoder(cols=['dominio',
                                                                    'Tec'],
                                                              handle_missing='return_nan',
                                                              use_cat_names=True))),
                ('clean_column_names',
                 TransformerWrapper(transformer=CleanColumnNames())),
                ('actual_estimator', Ridge(random_state=123))]), probability_threshold=None, encoded_labels=False, raw_score=False, round=4, verbose=True, ml_usecase=None, preprocess=True, encode_labels=<function _SupervisedExperiment.predict_model.<locals>.encode_labels at 0x000002A51A232320>)
2024-09-22 17:40:46,576:INFO:Checking exceptions
2024-09-22 17:40:46,577:INFO:Preloading libraries
2024-09-22 17:40:46,577:INFO:Set up data.
2024-09-22 17:40:46,591:INFO:Set up index.
2024-09-22 17:41:31,885:INFO:Initializing predict_model()
2024-09-22 17:41:31,886:INFO:predict_model(self=<pycaret.regression.oop.RegressionExperiment object at 0x000002A51A087E50>, estimator=Pipeline(memory=Memory(location=None),
         steps=[('numerical_imputer',
                 TransformerWrapper(include=['Avg. Session Length',
                                             'Time on App', 'Time on Website',
                                             'Length of Membership'],
                                    transformer=SimpleImputer())),
                ('categorical_imputer',
                 TransformerWrapper(include=['dominio', 'Tec'],
                                    transformer=SimpleImputer(strategy='most_frequent'))),
                ('onehot_encoding',
                 TransformerWrapper(include=['dominio', 'Tec'],
                                    transformer=OneHotEncoder(cols=['dominio',
                                                                    'Tec'],
                                                              handle_missing='return_nan',
                                                              use_cat_names=True))),
                ('clean_column_names',
                 TransformerWrapper(transformer=CleanColumnNames())),
                ('actual_estimator', Ridge(random_state=123))]), probability_threshold=None, encoded_labels=False, raw_score=False, round=4, verbose=True, ml_usecase=None, preprocess=True, encode_labels=<function _SupervisedExperiment.predict_model.<locals>.encode_labels at 0x000002A51A232320>)
2024-09-22 17:41:31,887:INFO:Checking exceptions
2024-09-22 17:41:31,887:INFO:Preloading libraries
2024-09-22 17:41:31,888:INFO:Set up data.
2024-09-22 17:41:31,901:INFO:Set up index.
